<?xml version="1.0" encoding="UTF-8"?>
<!-- Generated by org.testng.reporters.JUnitXMLReporter -->
<testsuite ignored="2" hostname="REEMA-TELTUMBADE" failures="0" tests="1" name="Default test" time="27.749" errors="0" timestamp="2022-12-28T03:47:06 IST">
  <testcase classname="com.ts.package2.SalesTestCases" name="actionsButton" time="6.969"/>
  <testcase classname="com.ts.package2.SalesTestCases" name="showButton_TC02" time="0.0">
    <ignored/>
  </testcase> <!-- showButton_TC02 -->
  <testcase classname="com.ts.package2.SalesTestCases" name="searchBox" time="0.0">
    <ignored/>
  </testcase> <!-- searchBox -->
</testsuite> <!-- Default test -->
