<?xml version="1.0" encoding="UTF-8"?>
<!-- Generated by org.testng.reporters.JUnitXMLReporter -->
<testsuite ignored="6" hostname="REEMA-TELTUMBADE" failures="0" tests="2" name="PaymentReceiptTestCases" time="84.503" errors="0" timestamp="2022-12-24T21:41:53 IST">
  <testcase classname="com.ts.package1.PaymentReceiptTestCases" name="allocatePayment_Yes_TC07" time="30.422"/>
  <testcase classname="com.ts.package1.PaymentReceiptTestCases" name="allocatePayment_No_TC08" time="25.217"/>
  <testcase classname="com.ts.package1.PaymentReceiptTestCases" name="payingBy_TC04" time="0.0">
    <ignored/>
  </testcase> <!-- payingBy_TC04 -->
  <testcase classname="com.ts.package1.PaymentReceiptTestCases" name="selectCustomer_TC01" time="0.0">
    <ignored/>
  </testcase> <!-- selectCustomer_TC01 -->
  <testcase classname="com.ts.package1.PaymentReceiptTestCases" name="reference_TC05" time="0.0">
    <ignored/>
  </testcase> <!-- reference_TC05 -->
  <testcase classname="com.ts.package1.PaymentReceiptTestCases" name="SelectDate_TC02" time="0.0">
    <ignored/>
  </testcase> <!-- SelectDate_TC02 -->
  <testcase classname="com.ts.package1.PaymentReceiptTestCases" name="submit_TC06" time="0.0">
    <ignored/>
  </testcase> <!-- submit_TC06 -->
  <testcase classname="com.ts.package1.PaymentReceiptTestCases" name="amount_TC03" time="0.0">
    <ignored/>
  </testcase> <!-- amount_TC03 -->
</testsuite> <!-- PaymentReceiptTestCases -->
