<?xml version="1.0" encoding="UTF-8"?>
<!-- Generated by org.testng.reporters.JUnitXMLReporter -->
<testsuite ignored="0" hostname="REEMA-TELTUMBADE" failures="0" tests="3" name="SalesTestCases" time="44.446" errors="0" timestamp="2022-12-24T21:42:38 IST">
  <testcase classname="com.ts.package2.SalesTestCases" name="submitButton_TC01" time="1.586"/>
  <testcase classname="com.ts.package2.SalesTestCases" name="searchBox" time="2.419"/>
  <testcase classname="com.ts.package2.SalesTestCases" name="showButton_TC02" time="3.002"/>
</testsuite> <!-- SalesTestCases -->
