<?xml version="1.0" encoding="UTF-8"?>
<testng-results ignored="0" total="1" passed="1" failed="0" skipped="0">
  <reporter-output>
  </reporter-output>
  <suite started-at="2023-01-03T15:20:20 IST" name="Default suite" finished-at="2023-01-03T15:21:56 IST" duration-ms="96078">
    <groups>
    </groups>
    <test started-at="2023-01-03T15:20:20 IST" name="Default test" finished-at="2023-01-03T15:21:56 IST" duration-ms="96078">
      <class name="com.ts.package3.GetCurrentURL">
        <test-method signature="currentUrl()[pri:0, instance:com.ts.package3.GetCurrentURL@73e22a3d]" started-at="2023-01-03T15:20:20 IST" name="currentUrl" finished-at="2023-01-03T15:21:56 IST" duration-ms="95995" status="PASS">
          <reporter-output>
          </reporter-output>
        </test-method> <!-- currentUrl -->
      </class> <!-- com.ts.package3.GetCurrentURL -->
    </test> <!-- Default test -->
  </suite> <!-- Default suite -->
</testng-results>
