<?xml version="1.0" encoding="UTF-8"?>
<testng-results ignored="2" total="3" passed="1" failed="0" skipped="0">
  <reporter-output>
  </reporter-output>
  <suite started-at="2022-12-28T03:46:39 IST" name="Default suite" finished-at="2022-12-28T03:47:06 IST" duration-ms="27749">
    <groups>
    </groups>
    <test started-at="2022-12-28T03:46:39 IST" name="Default test" finished-at="2022-12-28T03:47:06 IST" duration-ms="27749">
      <class name="com.ts.package2.SalesTestCases">
        <test-method is-config="true" signature="managerLogin_Sales()[pri:0, instance:com.ts.package2.SalesTestCases@48f278eb]" started-at="2022-12-28T03:46:39 IST" name="managerLogin_Sales" finished-at="2022-12-28T03:46:59 IST" duration-ms="20478" status="PASS">
          <reporter-output>
          </reporter-output>
        </test-method> <!-- managerLogin_Sales -->
        <test-method signature="actionsButton()[pri:0, instance:com.ts.package2.SalesTestCases@48f278eb]" started-at="2022-12-28T03:46:59 IST" name="actionsButton" finished-at="2022-12-28T03:47:06 IST" duration-ms="6969" status="PASS">
          <reporter-output>
          </reporter-output>
        </test-method> <!-- actionsButton -->
        <test-method is-config="true" signature="closeBrowser()[pri:0, instance:com.ts.package2.SalesTestCases@48f278eb]" started-at="2022-12-28T03:47:06 IST" name="closeBrowser" finished-at="2022-12-28T03:47:06 IST" duration-ms="236" status="PASS">
          <reporter-output>
          </reporter-output>
        </test-method> <!-- closeBrowser -->
      </class> <!-- com.ts.package2.SalesTestCases -->
    </test> <!-- Default test -->
  </suite> <!-- Default suite -->
</testng-results>
